<?xml version="1.0" encoding="UTF-8"?>
<testsuite name="com.fdherrera.graphqldemo.GraphqldemoApplicationTests" tests="1" skipped="0" failures="0" errors="0" timestamp="2023-05-09T19:37:24" hostname="DESKTOP-1JVMFND" time="0.33">
  <properties/>
  <testcase name="contextLoads()" classname="com.fdherrera.graphqldemo.GraphqldemoApplicationTests" time="0.33"/>
  <system-out><![CDATA[16:37:22.850 [Test worker] DEBUG org.springframework.boot.test.context.SpringBootTestContextBootstrapper -- Neither @ContextConfiguration nor @ContextHierarchy found for test class [GraphqldemoApplicationTests]: using SpringBootContextLoader
16:37:22.854 [Test worker] DEBUG org.springframework.test.context.support.AbstractContextLoader -- Could not detect default resource locations for test class [com.fdherrera.graphqldemo.GraphqldemoApplicationTests]: no resource found for suffixes {-context.xml, Context.groovy}.
16:37:22.855 [Test worker] INFO org.springframework.test.context.support.AnnotationConfigContextLoaderUtils -- Could not detect default configuration classes for test class [com.fdherrera.graphqldemo.GraphqldemoApplicationTests]: GraphqldemoApplicationTests does not declare any static, non-private, non-final, nested classes annotated with @Configuration.
16:37:22.873 [Test worker] DEBUG org.springframework.boot.test.context.SpringBootTestContextBootstrapper -- Using ContextCustomizers for test class [GraphqldemoApplicationTests]: [DisableObservabilityContextCustomizer, PropertyMappingContextCustomizer, Customizer, ExcludeFilterContextCustomizer, DuplicateJsonObjectContextCustomizer, MockitoContextCustomizer, TestRestTemplateContextCustomizer]
16:37:22.925 [Test worker] DEBUG org.springframework.context.annotation.ClassPathScanningCandidateComponentProvider -- Identified candidate component class: file [C:\Users\Herreras\Projects\backs\graphql-java\build\classes\java\main\com\fdherrera\graphqldemo\GraphqldemoApplication.class]
16:37:22.926 [Test worker] INFO org.springframework.boot.test.context.SpringBootTestContextBootstrapper -- Found @SpringBootConfiguration com.fdherrera.graphqldemo.GraphqldemoApplication for test class com.fdherrera.graphqldemo.GraphqldemoApplicationTests
16:37:23.018 [Test worker] DEBUG org.springframework.test.context.util.TestContextSpringFactoriesUtils -- Skipping candidate TestExecutionListener [org.springframework.test.context.transaction.TransactionalTestExecutionListener] due to a missing dependency. Specify custom TestExecutionListener classes or make the default TestExecutionListener classes and their required dependencies available. Offending class: [org/springframework/transaction/interceptor/TransactionAttributeSource]
16:37:23.020 [Test worker] DEBUG org.springframework.test.context.util.TestContextSpringFactoriesUtils -- Skipping candidate TestExecutionListener [org.springframework.test.context.jdbc.SqlScriptsTestExecutionListener] due to a missing dependency. Specify custom TestExecutionListener classes or make the default TestExecutionListener classes and their required dependencies available. Offending class: [org/springframework/transaction/interceptor/TransactionAttribute]
16:37:23.021 [Test worker] DEBUG org.springframework.boot.test.context.SpringBootTestContextBootstrapper -- Using TestExecutionListeners for test class [GraphqldemoApplicationTests]: [ServletTestExecutionListener, DirtiesContextBeforeModesTestExecutionListener, ApplicationEventsTestExecutionListener, MockitoTestExecutionListener, DependencyInjectionTestExecutionListener, DirtiesContextTestExecutionListener, EventPublishingTestExecutionListener, RestDocsTestExecutionListener, MockRestServiceServerResetTestExecutionListener, MockMvcPrintOnlyOnFailureTestExecutionListener, WebDriverTestExecutionListener, MockWebServiceServerTestExecutionListener, ResetMocksTestExecutionListener]
16:37:23.022 [Test worker] DEBUG org.springframework.test.context.support.AbstractDirtiesContextTestExecutionListener -- Before test class: class [GraphqldemoApplicationTests], class annotated with @DirtiesContext [false] with mode [null]

  .   ____          _            __ _ _
 /\\ / ___'_ __ _ _(_)_ __  __ _ \ \ \ \
( ( )\___ | '_ | '_| | '_ \/ _` | \ \ \ \
 \\/  ___)| |_)| | | | | || (_| |  ) ) ) )
  '  |____| .__|_| |_|_| |_\__, | / / / /
 =========|_|==============|___/=/_/_/_/
 :: Spring Boot ::                (v3.0.6)

2023-05-09T16:37:23.246-03:00  INFO 11636 --- [    Test worker] c.f.g.GraphqldemoApplicationTests        : Starting GraphqldemoApplicationTests using Java 17.0.4.1 with PID 11636 (started by Herreras in C:\Users\Herreras\Projects\backs\graphql-java)
2023-05-09T16:37:23.248-03:00  INFO 11636 --- [    Test worker] c.f.g.GraphqldemoApplicationTests        : No active profile set, falling back to 1 default profile: "default"
2023-05-09T16:37:24.082-03:00  INFO 11636 --- [    Test worker] c.f.g.GraphqldemoApplicationTests        : Started GraphqldemoApplicationTests in 1.016 seconds (process running for 1.948)
]]></system-out>
  <system-err><![CDATA[]]></system-err>
</testsuite>
