<?xml version="1.0" encoding="UTF-8"?>
<testsuite name="com.fdherrera.graphqldemo.GraphqldemoApplicationTests" tests="1" skipped="0" failures="0" errors="0" timestamp="2023-05-09T20:06:08" hostname="DESKTOP-1JVMFND" time="0.323">
  <properties/>
  <testcase name="contextLoads()" classname="com.fdherrera.graphqldemo.GraphqldemoApplicationTests" time="0.323"/>
  <system-out><![CDATA[17:06:06.045 [Test worker] DEBUG org.springframework.boot.test.context.SpringBootTestContextBootstrapper -- Neither @ContextConfiguration nor @ContextHierarchy found for test class [GraphqldemoApplicationTests]: using SpringBootContextLoader
17:06:06.049 [Test worker] DEBUG org.springframework.test.context.support.AbstractContextLoader -- Could not detect default resource locations for test class [com.fdherrera.graphqldemo.GraphqldemoApplicationTests]: no resource found for suffixes {-context.xml, Context.groovy}.
17:06:06.050 [Test worker] INFO org.springframework.test.context.support.AnnotationConfigContextLoaderUtils -- Could not detect default configuration classes for test class [com.fdherrera.graphqldemo.GraphqldemoApplicationTests]: GraphqldemoApplicationTests does not declare any static, non-private, non-final, nested classes annotated with @Configuration.
17:06:06.068 [Test worker] DEBUG org.springframework.boot.test.context.SpringBootTestContextBootstrapper -- Using ContextCustomizers for test class [GraphqldemoApplicationTests]: [DisableObservabilityContextCustomizer, PropertyMappingContextCustomizer, Customizer, ExcludeFilterContextCustomizer, DuplicateJsonObjectContextCustomizer, MockitoContextCustomizer, TestRestTemplateContextCustomizer]
17:06:06.123 [Test worker] DEBUG org.springframework.context.annotation.ClassPathScanningCandidateComponentProvider -- Identified candidate component class: file [C:\Users\Herreras\Projects\backs\graphql-java\build\classes\java\main\com\fdherrera\graphqldemo\GraphqldemoApplication.class]
17:06:06.124 [Test worker] INFO org.springframework.boot.test.context.SpringBootTestContextBootstrapper -- Found @SpringBootConfiguration com.fdherrera.graphqldemo.GraphqldemoApplication for test class com.fdherrera.graphqldemo.GraphqldemoApplicationTests
17:06:06.213 [Test worker] DEBUG org.springframework.test.context.util.TestContextSpringFactoriesUtils -- Skipping candidate TestExecutionListener [org.springframework.test.context.transaction.TransactionalTestExecutionListener] due to a missing dependency. Specify custom TestExecutionListener classes or make the default TestExecutionListener classes and their required dependencies available. Offending class: [org/springframework/transaction/interceptor/TransactionAttributeSource]
17:06:06.215 [Test worker] DEBUG org.springframework.test.context.util.TestContextSpringFactoriesUtils -- Skipping candidate TestExecutionListener [org.springframework.test.context.jdbc.SqlScriptsTestExecutionListener] due to a missing dependency. Specify custom TestExecutionListener classes or make the default TestExecutionListener classes and their required dependencies available. Offending class: [org/springframework/transaction/interceptor/TransactionAttribute]
17:06:06.216 [Test worker] DEBUG org.springframework.boot.test.context.SpringBootTestContextBootstrapper -- Using TestExecutionListeners for test class [GraphqldemoApplicationTests]: [ServletTestExecutionListener, DirtiesContextBeforeModesTestExecutionListener, ApplicationEventsTestExecutionListener, MockitoTestExecutionListener, DependencyInjectionTestExecutionListener, DirtiesContextTestExecutionListener, EventPublishingTestExecutionListener, RestDocsTestExecutionListener, MockRestServiceServerResetTestExecutionListener, MockMvcPrintOnlyOnFailureTestExecutionListener, WebDriverTestExecutionListener, MockWebServiceServerTestExecutionListener, ResetMocksTestExecutionListener]
17:06:06.217 [Test worker] DEBUG org.springframework.test.context.support.AbstractDirtiesContextTestExecutionListener -- Before test class: class [GraphqldemoApplicationTests], class annotated with @DirtiesContext [false] with mode [null]

  .   ____          _            __ _ _
 /\\ / ___'_ __ _ _(_)_ __  __ _ \ \ \ \
( ( )\___ | '_ | '_| | '_ \/ _` | \ \ \ \
 \\/  ___)| |_)| | | | | || (_| |  ) ) ) )
  '  |____| .__|_| |_|_| |_\__, | / / / /
 =========|_|==============|___/=/_/_/_/
 :: Spring Boot ::                (v3.0.6)

2023-05-09T17:06:06.444-03:00  INFO 11452 --- [    Test worker] c.f.g.GraphqldemoApplicationTests        : Starting GraphqldemoApplicationTests using Java 17.0.4.1 with PID 11452 (started by Herreras in C:\Users\Herreras\Projects\backs\graphql-java)
2023-05-09T17:06:06.446-03:00  INFO 11452 --- [    Test worker] c.f.g.GraphqldemoApplicationTests        : No active profile set, falling back to 1 default profile: "default"
2023-05-09T17:06:07.848-03:00  INFO 11452 --- [    Test worker] c.n.g.d.w.a.GraphiQLConfigurer           : Configuring GraphiQL to use GraphQL endpoint at '/graphql'
2023-05-09T17:06:08.285-03:00  INFO 11452 --- [    Test worker] c.f.g.GraphqldemoApplicationTests        : Started GraphqldemoApplicationTests in 2.028 seconds (process running for 2.948)
]]></system-out>
  <system-err><![CDATA[]]></system-err>
</testsuite>
